(c) Copyright IBM Corporation 1993,2007
Command Line Processor for DB2 Client 11.5.4.0

You can issue database manager commands and SQL statements from the command 
prompt. For example:
    db2 => connect to sample
    db2 => bind sample.bnd

For general help, type: ?.
For command help, type: ? command, where command can be
the first few keywords of a database manager command. For example:
 ? CATALOG DATABASE for help on the CATALOG DATABASE command
 ? CATALOG          for help on all of the CATALOG commands.

To exit db2 interactive mode, type QUIT at the command prompt. Outside 
interactive mode, all commands must be prefixed with 'db2'.
To list the current command option settings, type LIST COMMAND OPTIONS.

For more detailed help, refer to the Online Reference Manual.

db2 => db2 => db2 => db2 => db2 => CONNECT TO cs421

   Database Connection Information

 Database server        = DB2/LINUXX8664 11.5.4.0
 SQL authorization ID   = OSASU
 Local database alias   = CS421


db2 => db2 => db2 => db2 => db2 => db2 => db2 => db2 => db2 (cont.) => db2 (cont.) => db2 (cont.) => db2 (cont.) => db2 (cont.) => CREATE TABLE CATEGORY ( cname     VARCHAR(50) NOT NULL, cpriority INTEGER DEFAULT 4, PRIMARY KEY (cname) )
DB20000I  The SQL command completed successfully.

db2 => db2 (cont.) => db2 (cont.) => db2 (cont.) => db2 (cont.) => db2 (cont.) => db2 (cont.) => db2 (cont.) => db2 (cont.) => db2 (cont.) => db2 (cont.) => db2 (cont.) => db2 (cont.) => db2 (cont.) => db2 (cont.) => CREATE TABLE PERSON ( phealth_ins_num  VARCHAR(12) NOT NULL, pname            VARCHAR(30) NOT NULL, pgender          VARCHAR(1) CHECK (pgender IN ('F', 'M', NULL)), pdob             DATE NOT NULL, pstreet_addr     VARCHAR(30), pcity_addr       VARCHAR(30), pphone           INTEGER, ppostal          VARCHAR(6), pdate_registered DATE, pcategory        VARCHAR(50) NOT NULL, PRIMARY KEY (phealth_ins_num), FOREIGN KEY (pcategory) REFERENCES CATEGORY (cname) )
DB20000I  The SQL command completed successfully.

db2 => db2 (cont.) => db2 (cont.) => db2 (cont.) => db2 (cont.) => db2 (cont.) => db2 (cont.) => db2 (cont.) => CREATE TABLE LOCATION ( lname        VARCHAR(30) NOT NULL, lstreet_addr VARCHAR(30), lcity_addr   VARCHAR(30), lpostal      VARCHAR(6), PRIMARY KEY (lname) )
DB20000I  The SQL command completed successfully.

db2 => db2 (cont.) => db2 (cont.) => db2 (cont.) => db2 (cont.) => db2 (cont.) => CREATE TABLE HOSPITAL ( location_name VARCHAR(30) NOT NULL, PRIMARY KEY(location_name), FOREIGN KEY (location_name) REFERENCES LOCATION (lname) )
DB20000I  The SQL command completed successfully.

db2 => db2 (cont.) => db2 (cont.) => db2 (cont.) => db2 (cont.) => db2 (cont.) => db2 (cont.) => db2 (cont.) => CREATE TABLE NURSE ( nlicense_no   INTEGER NOT NULL, nname         VARCHAR(30) NOT NULL, nlocationname VARCHAR(30), PRIMARY KEY (nlicense_no), FOREIGN KEY (nlocationname) REFERENCES HOSPITAL (location_name) )
DB20000I  The SQL command completed successfully.

db2 => db2 (cont.) => db2 (cont.) => db2 (cont.) => db2 (cont.) => db2 (cont.) => db2 (cont.) => db2 (cont.) => CREATE TABLE VACCINE ( vname         VARCHAR(30) NOT NULL, vwaitperiod   INTEGER DEFAULT NULL, vdoses        INTEGER DEFAULT NULL, vmanufacturer VARCHAR(30), PRIMARY KEY (vname) )
DB20000I  The SQL command completed successfully.

db2 => db2 (cont.) => db2 (cont.) => db2 (cont.) => db2 (cont.) => db2 (cont.) => db2 (cont.) => db2 (cont.) => db2 (cont.) => db2 (cont.) => db2 (cont.) => db2 (cont.) => CREATE TABLE BATCH ( vname              VARCHAR(30) NOT NULL, batch_no           INTEGER NOT NULL, bdate_expire       DATE, bdate_manufactured DATE, bvials_quantity   INTEGER, blocation_name     VARCHAR(30), PRIMARY KEY (vname, batch_no), FOREIGN KEY (vname) REFERENCES VACCINE (vname), FOREIGN KEY (blocation_name) references location (lname) )
DB20000I  The SQL command completed successfully.

db2 => db2 (cont.) => db2 (cont.) => db2 (cont.) => db2 (cont.) => db2 (cont.) => db2 (cont.) => CREATE TABLE VIAL ( vname    VARCHAR(30) not null, batch_no INTEGER NOT NULL, vial_id  INTEGER NOT NULL, PRIMARY KEY (vname, batch_no, vial_id) )
DB20000I  The SQL command completed successfully.

db2 => db2 (cont.) => db2 (cont.) => db2 (cont.) => db2 (cont.) => db2 (cont.) => db2 (cont.) => CREATE TABLE VACCDATE ( tdate   DATE    NOT NULL, locname VARCHAR(30) NOT NULL, PRIMARY KEY (tdate, locname), FOREIGN KEY (locname) REFERENCES LOCATION (lname) )
DB20000I  The SQL command completed successfully.

db2 => db2 (cont.) => db2 (cont.) => db2 (cont.) => db2 (cont.) => db2 (cont.) => db2 (cont.) => db2 (cont.) => db2 (cont.) => db2 (cont.) => db2 (cont.) => db2 (cont.) => db2 (cont.) => db2 (cont.) => db2 (cont.) => db2 (cont.) => CREATE TABLE TIMESLOT ( tslot           INTEGER NOT NULL, ttime           TIME    NOT NULL, tdate           DATE    NOT NULL, locname         VARCHAR(30) NOT NULL, health_ins_num  VARCHAR(12) DEFAULT NULL, tdate_allocated DATE DEFAULT NULL, vname           VARCHAR(30) DEFAULT NULL, batchno         INTEGER DEFAULT NULL, vialid          INTEGER DEFAULT NULL, PRIMARY KEY (tslot, ttime, tdate, locname), FOREIGN KEY (locname, tdate) REFERENCES VACCDATE (locname, tdate), FOREIGN KEY (health_ins_num) REFERENCES PERSON (phealth_ins_num), FOREIGN KEY (vname, batchno, vialid) REFERENCES VIAL (vname, batch_no, vial_id) )
DB20000I  The SQL command completed successfully.

db2 => db2 => db2 (cont.) => db2 (cont.) => db2 (cont.) => db2 (cont.) => db2 (cont.) => db2 (cont.) => db2 (cont.) => db2 (cont.) => CREATE TABLE NURSEASSIG ( licensenum INTEGER NOT NULL, locname    VARCHAR(30) NOT NULL, vdate      DATE NOT NULL, PRIMARY KEY (licensenum, locname, vdate), FOREIGN KEY (licensenum) REFERENCES NURSE (nlicense_no), FOREIGN KEY (locname, vdate) REFERENCES VACCDATE (locname, tdate) )
DB20000I  The SQL command completed successfully.

db2 => 